<?xml version="1.0" encoding="UTF-8"?>
<testng-results skipped="0" failed="0" ignored="0" total="1" passed="1">
  <reporter-output>
  </reporter-output>
  <suite name="Final-Score App running on Chrome Browser" duration-ms="20867" started-at="2017-12-09T18:03:18Z" finished-at="2017-12-09T18:03:39Z">
    <groups>
    </groups>
    <test name="Home Page" duration-ms="20867" started-at="2017-12-09T18:03:18Z" finished-at="2017-12-09T18:03:39Z">
      <class name="SignInTest">
        <test-method status="PASS" signature="setUp(boolean, java.lang.String, java.lang.String, java.lang.String, java.lang.String, java.lang.String, java.lang.String)[pri:0, instance:SignInTest@4d50efb8]" name="setUp" is-config="true" duration-ms="7091" started-at="2017-12-09T12:03:18Z" finished-at="2017-12-09T12:03:25Z">
          <params>
            <param index="0">
              <value>
                <![CDATA[false]]>
              </value>
            </param>
            <param index="1">
              <value>
                <![CDATA[mdalam]]>
              </value>
            </param>
            <param index="2">
              <value>
                <![CDATA[662b4ed7-1a59-4ab2-ae8c-2dfe1e32f4aa]]>
              </value>
            </param>
            <param index="3">
              <value>
                <![CDATA[https://www.final-score.com]]>
              </value>
            </param>
            <param index="4">
              <value>
                <![CDATA[mac]]>
              </value>
            </param>
            <param index="5">
              <value>
                <![CDATA[chrome]]>
              </value>
            </param>
            <param index="6">
              <value>
                <![CDATA[45.0.2454.93]]>
              </value>
            </param>
          </params>
          <reporter-output>
          </reporter-output>
        </test-method> <!-- setUp -->
        <test-method status="PASS" signature="testSignIn()[pri:0, instance:SignInTest@4d50efb8]" name="testSignIn" duration-ms="13654" started-at="2017-12-09T12:03:25Z" finished-at="2017-12-09T12:03:39Z">
          <reporter-output>
          </reporter-output>
        </test-method> <!-- testSignIn -->
        <test-method status="PASS" signature="cleanUp()[pri:0, instance:SignInTest@4d50efb8]" name="cleanUp" is-config="true" duration-ms="100" started-at="2017-12-09T12:03:39Z" finished-at="2017-12-09T12:03:39Z">
          <reporter-output>
          </reporter-output>
        </test-method> <!-- cleanUp -->
      </class> <!-- SignInTest -->
    </test> <!-- Home Page -->
  </suite> <!-- Final-Score App running on Chrome Browser -->
</testng-results>
